<!-- This is just a concept -->
<commands>
    <command name="help" desc="View info about a command">
        <schema>
            <arg name="command" required="true" desc="The command to inspect" />
        </schema>
        <restrict>
            <group>serverModerators</group>
            <specific type="role">2013453715139XXXXX</specific>
            <specific type="user">2855787433246XXXXX</specific>
            <cooldown unit="second">5</cooldown>
            <env>Guild</env>
        </restrict>
    </command>

    <!-- Help -->
    <command name="help" desc="View info about a command">
        <schema>
            <arg type="string" name="command" required="true" desc="The command to inspect" />
        </schema>
        <restrict>
            <group>serverModerators</group>
            <specific type="role">2013453715139XXXXX</specific>
            <specific type="user">2855787433246XXXXX</specific>
            <cooldown unit="second">5</cooldown>
            <env>guild</env>
        </restrict>
    </command>
</commands>